<?xml version="1.0" encoding="UTF-8"?>
<!-- Generated by org.testng.reporters.JUnitReportReporter -->
<testsuite hostname="LAPTOP-UN0G5FL5" failures="0" tests="3" name="com.sportyshoe.RestAssuredScripts.PostandPutNewShoe" time="3.858" errors="0" timestamp="2023-11-15T18:16:16 IST" skipped="0">
  <testcase classname="com.sportyshoe.RestAssuredScripts.PostandPutNewShoe" name="add_new_product" time="3.661"/>
  <system-out/>
  <testcase classname="com.sportyshoe.RestAssuredScripts.PostandPutNewShoe" name="update_a_product" time="0.148"/>
  <system-out/>
  <testcase classname="com.sportyshoe.RestAssuredScripts.PostandPutNewShoe" name="delete_product" time="0.049"/>
  <system-out/>
</testsuite> <!-- com.sportyshoe.RestAssuredScripts.PostandPutNewShoe -->
