<?xml version="1.0" encoding="UTF-8"?>
<!-- Generated by org.testng.reporters.JUnitReportReporter -->
<testsuite hostname="LAPTOP-UN0G5FL5" failures="0" tests="3" name="com.sportyshoe.Tests.OrderPageTest" time="0.818" errors="0" timestamp="2023-11-15T18:45:55 IST" skipped="0">
  <testcase classname="com.sportyshoe.Tests.OrderPageTest" name="test_login" time="0.661"/>
  <system-out/>
  <testcase classname="com.sportyshoe.Tests.OrderPageTest" name="test_click_orders" time="0.140"/>
  <system-out/>
  <testcase classname="com.sportyshoe.Tests.OrderPageTest" name="test_getTitle_page" time="0.017"/>
  <system-out/>
</testsuite> <!-- com.sportyshoe.Tests.OrderPageTest -->
