<?xml version="1.0" encoding="UTF-8"?>
<!-- Generated by org.testng.reporters.JUnitReportReporter -->
<testsuite hostname="LAPTOP-UN0G5FL5" failures="0" tests="4" name="com.sportyshoe.Tests.LoginPageTest" time="0.920" errors="0" timestamp="2023-11-15T18:39:22 IST" skipped="0">
  <testcase classname="com.sportyshoe.Tests.LoginPageTest" name="test_login" time="0.705"/>
  <system-out/>
  <testcase classname="com.sportyshoe.Tests.LoginPageTest" name="test_getTitle_page" time="0.015"/>
  <system-out/>
  <testcase classname="com.sportyshoe.Tests.LoginPageTest" name="Test_validate_registration_Text" time="0.045"/>
  <system-out/>
  <testcase classname="com.sportyshoe.Tests.LoginPageTest" name="test_click_cart" time="0.155"/>
  <system-out/>
</testsuite> <!-- com.sportyshoe.Tests.LoginPageTest -->
