<?xml version="1.0" encoding="UTF-8"?>
<!-- Generated by org.testng.reporters.JUnitReportReporter -->
<testsuite hostname="LAPTOP-UN0G5FL5" failures="0" tests="1" name="com.sportyshoe.SeleniumCucumberScripts.SetupCheck" time="4.039" errors="0" timestamp="2023-11-14T11:06:33 IST" skipped="0">
  <testcase classname="com.sportyshoe.SeleniumCucumberScripts.SetupCheck" name="setup_check_sportyshoes" time="4.039"/>
  <system-out/>
</testsuite> <!-- com.sportyshoe.SeleniumCucumberScripts.SetupCheck -->
