<?xml version="1.0" encoding="UTF-8"?>
<!-- Generated by org.testng.reporters.JUnitReportReporter -->
<testsuite hostname="LAPTOP-UN0G5FL5" failures="0" tests="5" name="com.sportyshoe.Tests.RegisterPageTest" time="2.301" errors="0" timestamp="2023-11-15T18:47:59 IST" skipped="0">
  <testcase classname="com.sportyshoe.Tests.RegisterPageTest" name="test_click_register_link" time="1.681"/>
  <system-out/>
  <testcase classname="com.sportyshoe.Tests.RegisterPageTest" name="test_getTitle_page" time="0.019"/>
  <system-out/>
  <testcase classname="com.sportyshoe.Tests.RegisterPageTest" name="Test_register_user" time="0.523"/>
  <system-out/>
  <testcase classname="com.sportyshoe.Tests.RegisterPageTest" name="Test_validate_registration_URL" time="0.022"/>
  <system-out/>
  <testcase classname="com.sportyshoe.Tests.RegisterPageTest" name="Test_validate_registration_Text" time="0.056"/>
  <system-out/>
</testsuite> <!-- com.sportyshoe.Tests.RegisterPageTest -->
