<?xml version="1.0" encoding="UTF-8"?>
<!-- Generated by org.testng.reporters.JUnitReportReporter -->
<testsuite hostname="LAPTOP-UN0G5FL5" failures="0" tests="2" name="com.sportyshoe.RestAssuredScripts.GetAllShoes" time="3.617" errors="0" timestamp="2023-11-15T18:15:26 IST" skipped="0">
  <testcase classname="com.sportyshoe.RestAssuredScripts.GetAllShoes" name="get_all_shoes" time="3.559"/>
  <system-out/>
  <testcase classname="com.sportyshoe.RestAssuredScripts.GetAllShoes" name="get_all_users" time="0.058"/>
  <system-out/>
</testsuite> <!-- com.sportyshoe.RestAssuredScripts.GetAllShoes -->
