<?xml version="1.0" encoding="UTF-8"?>
<!-- Generated by org.testng.reporters.JUnitReportReporter -->
<testsuite hostname="LAPTOP-UN0G5FL5" failures="0" tests="1" name="com.sportyshoe.SeleniumTestNGScripts.SetupCheck" time="4.508" errors="0" timestamp="2023-11-15T18:32:05 IST" skipped="0">
  <testcase classname="com.sportyshoe.SeleniumTestNGScripts.SetupCheck" name="setup_check_SportyShoes" time="4.508"/>
  <system-out/>
</testsuite> <!-- com.sportyshoe.SeleniumTestNGScripts.SetupCheck -->
